<?xml version="1.0" encoding="UTF-8"?>
<testng-results skipped="0" failed="0" ignored="0" total="1" passed="1">
  <reporter-output>
  </reporter-output>
  <suite name="Default suite" duration-ms="27513" started-at="2020-07-31T14:46:04 IST" finished-at="2020-07-31T14:46:32 IST">
    <groups>
    </groups>
    <test name="Default test" duration-ms="27513" started-at="2020-07-31T14:46:04 IST" finished-at="2020-07-31T14:46:32 IST">
      <class name="demo.Test1">
        <test-method status="PASS" signature="testHelloWorld()[pri:0, instance:demo.Test1@545997b1]" name="testHelloWorld" duration-ms="27450" started-at="2020-07-31T14:46:04 IST" finished-at="2020-07-31T14:46:32 IST">
          <reporter-output>
          </reporter-output>
        </test-method> <!-- testHelloWorld -->
      </class> <!-- demo.Test1 -->
    </test> <!-- Default test -->
  </suite> <!-- Default suite -->
</testng-results>
